<?xml version="1.0" encoding="UTF-8"?>
<!-- Generated by org.testng.reporters.JUnitReportReporter -->
<testsuite hostname="LAPTOP-AP6VPMU3" failures="0" tests="2" name="learningmaven.MavenJava.AppTest" time="0.016" errors="0" timestamp="30 Jul 2020 16:13:22 GMT" skipped="0">
  <testcase classname="learningmaven.MavenJava.AppTest" name="Test2" time="0.002"/>
  <testcase classname="learningmaven.MavenJava.AppTest" name="Test1" time="0.014"/>
</testsuite> <!-- learningmaven.MavenJava.AppTest -->
