<?xml version="1.0" encoding="UTF-8"?>
<!-- Generated by org.testng.reporters.JUnitReportReporter -->
<testsuite skipped="0" hostname="LAPTOP-AP6VPMU3" name="learningmaven.MavenJava.NewTest" tests="2" failures="0" timestamp="2021-02-07T05:36:21 GMT" time="0.000" errors="0">
  <testcase name="Test4" time="0.000" classname="learningmaven.MavenJava.NewTest"/>
  <testcase name="Test3" time="0.000" classname="learningmaven.MavenJava.NewTest"/>
</testsuite> <!-- learningmaven.MavenJava.NewTest -->
