<?xml version="1.0" encoding="UTF-8"?>
<!-- Generated by org.testng.reporters.JUnitReportReporter -->
<testsuite skipped="0" hostname="LAPTOP-AP6VPMU3" name="learningmaven.MavenJava.SeleniumTest" tests="2" failures="0" timestamp="2021-02-07T05:36:21 GMT" time="0.001" errors="0">
  <testcase name="Test6" time="0.001" classname="learningmaven.MavenJava.SeleniumTest"/>
  <testcase name="Test5" time="0.000" classname="learningmaven.MavenJava.SeleniumTest"/>
</testsuite> <!-- learningmaven.MavenJava.SeleniumTest -->
